0 info it worked if it ends with ok
1 verbose cli [ 'C:\\Program Files\\nodejs\\node.exe',
1 verbose cli   'C:\\Users\\chihaiyue\\AppData\\Roaming\\npm\\node_modules\\npm\\bin\\npm-cli.js',
1 verbose cli   'start' ]
2 info using npm@3.10.9
3 info using node@v4.4.4
4 verbose run-script [ 'prestart', 'start', 'poststart' ]
5 info lifecycle nodebt@0.0.0~prestart: nodebt@0.0.0
6 silly lifecycle nodebt@0.0.0~prestart: no script for prestart, continuing
7 info lifecycle nodebt@0.0.0~start: nodebt@0.0.0
8 verbose lifecycle nodebt@0.0.0~start: unsafe-perm in lifecycle true
9 verbose lifecycle nodebt@0.0.0~start: PATH: C:\Users\chihaiyue\AppData\Roaming\npm\node_modules\npm\bin\node-gyp-bin;D:\share\nodeBt\node_modules\.bin;D:\Git\mingw64\bin;D:\Git\usr\bin;C:\Users\chihaiyue\bin;C:\Python27;C:\Python27\Scripts;C:\Ruby22\bin;C:\Windows\system32;C:\Windows;C:\Windows\System32\Wbem;C:\Windows\System32\WindowsPowerShell\v1.0;C:\Program Files\nodejs;C:\Program Files\Intel\WiFi\bin;C:\Program Files\Common Files\Intel\WirelessCommon;C:\Program Files\Bandizip\7z;C:\Program Files\nodejs;C:\Users\chihaiyue\AppData\Roaming\npm
10 verbose lifecycle nodebt@0.0.0~start: CWD: D:\share\nodeBt
11 silly lifecycle nodebt@0.0.0~start: Args: [ '/d /s /c', 'node ./bin/www' ]
12 silly lifecycle nodebt@0.0.0~start: Returned: code: 1  signal: null
13 info lifecycle nodebt@0.0.0~start: Failed to exec start script
14 verbose stack Error: nodebt@0.0.0 start: `node ./bin/www`
14 verbose stack Exit status 1
14 verbose stack     at EventEmitter.<anonymous> (C:\Users\chihaiyue\AppData\Roaming\npm\node_modules\npm\lib\utils\lifecycle.js:255:16)
14 verbose stack     at emitTwo (events.js:87:13)
14 verbose stack     at EventEmitter.emit (events.js:172:7)
14 verbose stack     at ChildProcess.<anonymous> (C:\Users\chihaiyue\AppData\Roaming\npm\node_modules\npm\lib\utils\spawn.js:40:14)
14 verbose stack     at emitTwo (events.js:87:13)
14 verbose stack     at ChildProcess.emit (events.js:172:7)
14 verbose stack     at maybeClose (internal/child_process.js:827:16)
14 verbose stack     at Process.ChildProcess._handle.onexit (internal/child_process.js:211:5)
15 verbose pkgid nodebt@0.0.0
16 verbose cwd D:\share\nodeBt
17 error Windows_NT 6.1.7601
18 error argv "C:\\Program Files\\nodejs\\node.exe" "C:\\Users\\chihaiyue\\AppData\\Roaming\\npm\\node_modules\\npm\\bin\\npm-cli.js" "start"
19 error node v4.4.4
20 error npm  v3.10.9
21 error code ELIFECYCLE
22 error nodebt@0.0.0 start: `node ./bin/www`
22 error Exit status 1
23 error Failed at the nodebt@0.0.0 start script 'node ./bin/www'.
23 error Make sure you have the latest version of node.js and npm installed.
23 error If you do, this is most likely a problem with the nodebt package,
23 error not with npm itself.
23 error Tell the author that this fails on your system:
23 error     node ./bin/www
23 error You can get information on how to open an issue for this project with:
23 error     npm bugs nodebt
23 error Or if that isn't available, you can get their info via:
23 error     npm owner ls nodebt
23 error There is likely additional logging output above.
24 verbose exit [ 1, true ]
